<?xml version="1.0" encoding="UTF-8"?>
<!-- Generated by org.testng.reporters.JUnitReportReporter -->
<testsuite hostname="DESKTOP-C89HPAB" failures="0" tests="1" name="tests.NegativeTestInputDecimal" time="0.381" errors="0" timestamp="2021-06-01T18:16:00 CEST" skipped="0">
  <testcase classname="tests.NegativeTestInputDecimal" name="validateStringInputError" time="0.381"/>
  <system-out/>
</testsuite> <!-- tests.NegativeTestInputDecimal -->
