<?xml version="1.0" encoding="UTF-8"?>
<!-- Generated by org.testng.reporters.JUnitReportReporter -->
<testsuite hostname="DESKTOP-C89HPAB" failures="0" tests="2" name="tests.RestFactorialApiTest" time="1.938" errors="0" timestamp="2021-06-01T18:15:36 CEST" skipped="0">
  <testcase classname="tests.RestFactorialApiTest" name="APITestFactorialString" time="0.288"/>
  <system-out/>
  <testcase classname="tests.RestFactorialApiTest" name="APITestFactorialInteger" time="1.650"/>
  <system-out/>
</testsuite> <!-- tests.RestFactorialApiTest -->
