<?xml version="1.0" encoding="UTF-8"?>
<!-- Generated by org.testng.reporters.JUnitReportReporter -->
<testsuite hostname="DESKTOP-C89HPAB" failures="0" tests="1" name="tests.InputHappyPathIntigerandValidateResult" time="0.304" errors="0" timestamp="2021-05-31T19:39:52 CEST" skipped="0">
  <testcase classname="tests.InputHappyPathIntigerandValidateResult" name="validateHappyPathIntegerAndResult" time="0.304"/>
  <system-out/>
</testsuite> <!-- tests.InputHappyPathIntigerandValidateResult -->
