<?xml version="1.0" encoding="UTF-8"?>
<!-- Generated by org.testng.reporters.JUnitReportReporter -->
<testsuite hostname="DESKTOP-C89HPAB" failures="0" tests="1" name="tests.NegativeScenarioInputStringintoIntigerField" time="0.367" errors="0" timestamp="2021-05-31T14:05:52 CEST" skipped="0">
  <testcase classname="tests.NegativeScenarioInputStringintoIntigerField" name="validateStringInputError" time="0.367"/>
  <system-out/>
</testsuite> <!-- tests.NegativeScenarioInputStringintoIntigerField -->
