<?xml version="1.0" encoding="UTF-8"?>
<!-- Generated by org.testng.reporters.JUnitReportReporter -->
<testsuite hostname="DESKTOP-C89HPAB" failures="0" tests="1" name="fact.automation.tests.TestChangename" time="3.679" errors="0" timestamp="2021-05-30T16:42:23 CEST" skipped="0">
  <testcase classname="fact.automation.tests.TestChangename" name="test_01" time="3.679"/>
  <system-out/>
</testsuite> <!-- fact.automation.tests.TestChangename -->
