<?xml version="1.0" encoding="UTF-8"?>
<!-- Generated by org.testng.reporters.JUnitReportReporter -->
<testsuite hostname="DESKTOP-C89HPAB" failures="0" tests="1" name="tests.InputHappyPathIntegerAndValidateResult" time="0.396" errors="0" timestamp="2021-06-01T19:02:21 CEST" skipped="0">
  <testcase classname="tests.InputHappyPathIntegerAndValidateResult" name="validateHappyPathIntegerAndResult" time="0.396"/>
  <system-out/>
</testsuite> <!-- tests.InputHappyPathIntegerAndValidateResult -->
