<?xml version="1.0" encoding="UTF-8"?>
<!-- Generated by org.testng.reporters.JUnitReportReporter -->
<testsuite hostname="DESKTOP-C89HPAB" failures="0" tests="1" name="tests.NegativeTestInputString" time="0.357" errors="0" timestamp="2021-06-01T19:02:21 CEST" skipped="0">
  <testcase classname="tests.NegativeTestInputString" name="validateStringInputError" time="0.357"/>
  <system-out/>
</testsuite> <!-- tests.NegativeTestInputString -->
