<?xml version="1.0" encoding="UTF-8"?>
<!-- Generated by org.testng.reporters.JUnitReportReporter -->
<testsuite hostname="DESKTOP-C89HPAB" failures="0" tests="1" name="tests.InputLowIntegerAndValidateResult" time="0.381" errors="0" timestamp="2021-06-01T19:03:04 CEST" skipped="0">
  <testcase classname="tests.InputLowIntegerAndValidateResult" name="validateLowIntegerAndResult" time="0.381"/>
  <system-out/>
</testsuite> <!-- tests.InputLowIntegerAndValidateResult -->
