<?xml version="1.0" encoding="UTF-8"?>
<!-- Generated by org.testng.reporters.JUnitReportReporter -->
<testsuite hostname="DESKTOP-C89HPAB" failures="0" tests="1" name="tests.TestChangename" time="0.011" errors="0" timestamp="2021-05-30T17:19:16 CEST" skipped="0">
  <testcase classname="tests.TestChangename" name="test_01" time="0.011"/>
  <system-out/>
</testsuite> <!-- tests.TestChangename -->
